\BOOKMARK [1][-]{section.1}{Introduction}{}% 1
\BOOKMARK [2][-]{subsection.1.1}{A Brief Review}{section.1}% 2
\BOOKMARK [2][-]{subsection.1.2}{Summary of the Main Contributions}{section.1}% 3
\BOOKMARK [2][-]{subsection.1.3}{Organization of the Paper}{section.1}% 4
\BOOKMARK [1][-]{section.2}{Recovery of Noisy Mixtures: the Instantaneous Case}{}% 5
\BOOKMARK [2][-]{subsection.2.1}{Problem Setting: the Instantaneous Case}{section.2}% 6
\BOOKMARK [2][-]{subsection.2.2}{Optimization: the Instantaneous Case}{section.2}% 7
\BOOKMARK [2][-]{subsection.2.3}{Physical Assumptions: the Instantaneous Case}{section.2}% 8
\BOOKMARK [2][-]{subsection.2.4}{Exact Recovery: the Instantaneous Case}{section.2}% 9
\BOOKMARK [2][-]{subsection.2.5}{Stability Analysis: the Instantaneous Case}{section.2}% 10
\BOOKMARK [2][-]{subsection.2.6}{Separating Mixed Signals in a Noisy Environment}{section.2}% 11
\BOOKMARK [1][-]{section.3}{Recovery of Noisy Mixtures: the Convolutive Case}{}% 12
\BOOKMARK [2][-]{subsection.3.1}{Problem Setting: the Convolutive Case}{section.3}% 13
\BOOKMARK [2][-]{subsection.3.2}{Physical Assumptions and Optimization: the Convolutive Case}{section.3}% 14
\BOOKMARK [2][-]{subsection.3.3}{Conditions on Cs: the Convolutive Case}{section.3}% 15
\BOOKMARK [2][-]{subsection.3.4}{Exact Recovery: the Convolutive Case}{section.3}% 16
\BOOKMARK [2][-]{subsection.3.5}{Stability Analysis: the Convolutive Case}{section.3}% 17
\BOOKMARK [1][-]{section.4}{Recovering Source Signals with Degenerate Measurements}{}% 18
\BOOKMARK [2][-]{subsection.4.1}{Analysis for Two-Dimensional Degenerate Case}{section.4}% 19
\BOOKMARK [2][-]{subsection.4.2}{Using QR factorization to Pre-process Degenerate Measurements}{section.4}% 20
\BOOKMARK [1][-]{section.5}{Numerical Results}{}% 21
\BOOKMARK [1][-]{section.6}{Concluding Remarks}{}% 22
