This is pdfTeX, Version 3.14159265-2.6-1.40.17 (TeX Live 2016) (preloaded format=pdflatex 2016.5.22)  13 NOV 2016 23:21
entering extended mode
 restricted \write18 enabled.
 file:line:error style messages enabled.
 %&-line parsing enabled.
**BSS_Report.tex
(./BSS_Report.tex
LaTeX2e <2016/03/31>
Babel <3.9r> and hyphenation patterns for 83 language(s) loaded.
(/usr/local/texlive/2016/texmf-dist/tex/latex/base/article.cls
Document Class: article 2014/09/29 v1.4h Standard LaTeX document class
(/usr/local/texlive/2016/texmf-dist/tex/latex/base/size11.clo
File: size11.clo 2014/09/29 v1.4h Standard LaTeX file (size option)
)
\c@part=\count79
\c@section=\count80
\c@subsection=\count81
\c@subsubsection=\count82
\c@paragraph=\count83
\c@subparagraph=\count84
\c@figure=\count85
\c@table=\count86
\abovecaptionskip=\skip41
\belowcaptionskip=\skip42
\bibindent=\dimen102
) (./macro.tex
(/usr/local/texlive/2016/texmf-dist/tex/latex/base/fixltx2e.sty
Package: fixltx2e 2015/06/22 v2.0b fixes to LaTeX (obsolete)


Package fixltx2e Warning: fixltx2e is not required with releases after 2015
(fixltx2e)                All fixes are now in the LaTeX kernel.
(fixltx2e)                See the latexrelease package for details.

) (/usr/local/texlive/2016/texmf-dist/tex/latex/cmap/cmap.sty
Package: cmap 2008/03/06 v1.0h CMap support: searchable PDF
)
(/usr/local/texlive/2016/texmf-dist/tex/latex/tools/verbatim.sty
Package: verbatim 2014/10/28 v1.5q LaTeX2e package for verbatim enhancements
\every@verbatim=\toks14
\verbatim@line=\toks15
\verbatim@in@stream=\read1
)
(/usr/local/texlive/2016/texmf-dist/tex/latex/setspace/setspace.sty
Package: setspace 2011/12/19 v6.7a set line spacing
)
(/usr/local/texlive/2016/texmf-dist/tex/latex/tools/bm.sty
Package: bm 2016/02/27 v1.2a Bold Symbol Support (DPC/FMi)
\symboldoperators=\mathgroup4
\symboldletters=\mathgroup5
LaTeX Font Info:    Redeclaring math alphabet \mathbf on input line 142.
LaTeX Info: Redefining \bm on input line 208.
)
(/usr/local/texlive/2016/texmf-dist/tex/latex/amsmath/amsmath.sty
Package: amsmath 2016/03/10 v2.15b AMS math features
\@mathmargin=\skip43

For additional information on amsmath, use the `?' option.
(/usr/local/texlive/2016/texmf-dist/tex/latex/amsmath/amstext.sty
Package: amstext 2000/06/29 v2.01 AMS text

(/usr/local/texlive/2016/texmf-dist/tex/latex/amsmath/amsgen.sty
File: amsgen.sty 1999/11/30 v2.0 generic functions
\@emptytoks=\toks16
\ex@=\dimen103
))
(/usr/local/texlive/2016/texmf-dist/tex/latex/amsmath/amsbsy.sty
Package: amsbsy 1999/11/29 v1.2d Bold Symbols
LaTeX Info: Redefining \boldsymbol on input line 28.
\pmbraise@=\dimen104
)
(/usr/local/texlive/2016/texmf-dist/tex/latex/amsmath/amsopn.sty
Package: amsopn 2016/03/08 v2.02 operator names
)
\inf@bad=\count87
LaTeX Info: Redefining \frac on input line 199.
\uproot@=\count88
\leftroot@=\count89
LaTeX Info: Redefining \overline on input line 297.
\classnum@=\count90
\DOTSCASE@=\count91
LaTeX Info: Redefining \ldots on input line 394.
LaTeX Info: Redefining \dots on input line 397.
LaTeX Info: Redefining \cdots on input line 518.
\Mathstrutbox@=\box26
\strutbox@=\box27
\big@size=\dimen105
LaTeX Font Info:    Redeclaring font encoding OML on input line 634.
LaTeX Font Info:    Redeclaring font encoding OMS on input line 635.
\macc@depth=\count92
\c@MaxMatrixCols=\count93
\dotsspace@=\muskip10
\c@parentequation=\count94
\dspbrk@lvl=\count95
\tag@help=\toks17
\row@=\count96
\column@=\count97
\maxfields@=\count98
\andhelp@=\toks18
\eqnshift@=\dimen106
\alignsep@=\dimen107
\tagshift@=\dimen108
\tagwidth@=\dimen109
\totwidth@=\dimen110
\lineht@=\dimen111
\@envbody=\toks19
\multlinegap=\skip44
\multlinetaggap=\skip45
\mathdisplay@stack=\toks20
LaTeX Info: Redefining \[ on input line 2739.
LaTeX Info: Redefining \] on input line 2740.
)
(/usr/local/texlive/2016/texmf-dist/tex/latex/amsmath/amscd.sty
Package: amscd 1999/11/29 v2.0 AMS Commutatitive Diagrams
\athelp@=\toks21
\minaw@=\dimen112
\bigaw@=\dimen113
\minCDarrowwidth=\dimen114
)
(/usr/local/texlive/2016/texmf-dist/tex/latex/amscls/amsthm.sty
Package: amsthm 2015/03/04 v2.20.2
\thm@style=\toks22
\thm@bodyfont=\toks23
\thm@headfont=\toks24
\thm@notefont=\toks25
\thm@headpunct=\toks26
\thm@preskip=\skip46
\thm@postskip=\skip47
\thm@headsep=\skip48
\dth@everypar=\toks27
)
(/usr/local/texlive/2016/texmf-dist/tex/latex/amsfonts/amsfonts.sty
Package: amsfonts 2013/01/14 v3.01 Basic AMSFonts support
\symAMSa=\mathgroup6
\symAMSb=\mathgroup7
LaTeX Font Info:    Overwriting math alphabet `\mathfrak' in version `bold'
(Font)                  U/euf/m/n --> U/euf/b/n on input line 106.
)
(/usr/local/texlive/2016/texmf-dist/tex/latex/amsfonts/amssymb.sty
Package: amssymb 2013/01/14 v3.01 AMS font symbols
)
(/usr/local/texlive/2016/texmf-dist/tex/latex/enumitem/enumitem.sty
Package: enumitem 2011/09/28 v3.5.2 Customized lists
\enitkv@toks@=\toks28
\labelindent=\skip49
\enit@outerparindent=\dimen115
\enit@toks=\toks29
\enit@inbox=\box28
\enitdp@description=\count99
)
(/usr/local/texlive/2016/texmf-dist/tex/latex/xcolor/xcolor.sty
Package: xcolor 2016/05/11 v2.12 LaTeX color extensions (UK)

(/usr/local/texlive/2016/texmf-dist/tex/latex/graphics-cfg/color.cfg
File: color.cfg 2016/01/02 v1.6 sample color configuration
)
Package xcolor Info: Package option `usenames' ignored on input line 216.
Package xcolor Info: Driver file: pdftex.def on input line 225.

(/usr/local/texlive/2016/texmf-dist/tex/latex/pdftex-def/pdftex.def
File: pdftex.def 2011/05/27 v0.06d Graphics/color for pdfTeX

(/usr/local/texlive/2016/texmf-dist/tex/generic/oberdiek/infwarerr.sty
Package: infwarerr 2016/05/16 v1.4 Providing info/warning/error messages (HO)
)
(/usr/local/texlive/2016/texmf-dist/tex/generic/oberdiek/ltxcmds.sty
Package: ltxcmds 2016/05/16 v1.23 LaTeX kernel commands for general use (HO)
)
\Gread@gobject=\count100
)
Package xcolor Info: Model `cmy' substituted by `cmy0' on input line 1348.
Package xcolor Info: Model `hsb' substituted by `rgb' on input line 1352.
Package xcolor Info: Model `RGB' extended on input line 1364.
Package xcolor Info: Model `HTML' substituted by `rgb' on input line 1366.
Package xcolor Info: Model `Hsb' substituted by `hsb' on input line 1367.
Package xcolor Info: Model `tHsb' substituted by `hsb' on input line 1368.
Package xcolor Info: Model `HSB' substituted by `hsb' on input line 1369.
Package xcolor Info: Model `Gray' substituted by `gray' on input line 1370.
Package xcolor Info: Model `wave' substituted by `hsb' on input line 1371.

(/usr/local/texlive/2016/texmf-dist/tex/latex/graphics/dvipsnam.def
File: dvipsnam.def 2015/12/30 v3.0k Driver-dependent file (DPC,SPQR)
))
(/usr/local/texlive/2016/texmf-dist/tex/latex/url/url.sty
\Urlmuskip=\muskip11
Package: url 2013/09/16  ver 3.4  Verb mode for urls, etc.
)
(/usr/local/texlive/2016/texmf-dist/tex/latex/hyperref/hyperref.sty
Package: hyperref 2016/05/05 v6.83n Hypertext links for LaTeX

(/usr/local/texlive/2016/texmf-dist/tex/generic/oberdiek/hobsub-hyperref.sty
Package: hobsub-hyperref 2016/05/16 v1.14 Bundle oberdiek, subset hyperref (HO)


(/usr/local/texlive/2016/texmf-dist/tex/generic/oberdiek/hobsub-generic.sty
Package: hobsub-generic 2016/05/16 v1.14 Bundle oberdiek, subset generic (HO)
Package: hobsub 2016/05/16 v1.14 Construct package bundles (HO)
Package hobsub Info: Skipping package `infwarerr' (already loaded).
Package hobsub Info: Skipping package `ltxcmds' (already loaded).
Package: ifluatex 2016/05/16 v1.4 Provides the ifluatex switch (HO)
Package ifluatex Info: LuaTeX not detected.
Package: ifvtex 2016/05/16 v1.6 Detect VTeX and its facilities (HO)
Package ifvtex Info: VTeX not detected.
Package: intcalc 2016/05/16 v1.2 Expandable calculations with integers (HO)
Package: ifpdf 2016/05/14 v3.1 Provides the ifpdf switch
Package: etexcmds 2016/05/16 v1.6 Avoid name clashes with e-TeX commands (HO)
Package etexcmds Info: Could not find \expanded.
(etexcmds)             That can mean that you are not using pdfTeX 1.50 or
(etexcmds)             that some package has redefined \expanded.
(etexcmds)             In the latter case, load this package earlier.
Package: kvsetkeys 2016/05/16 v1.17 Key value parser (HO)
Package: kvdefinekeys 2016/05/16 v1.4 Define keys (HO)
Package: pdftexcmds 2016/05/10 v0.21 Utility functions of pdfTeX for LuaTeX (HO
)
Package pdftexcmds Info: LuaTeX not detected.
Package pdftexcmds Info: \pdf@primitive is available.
Package pdftexcmds Info: \pdf@ifprimitive is available.
Package pdftexcmds Info: \pdfdraftmode found.
Package: pdfescape 2016/05/16 v1.14 Implements pdfTeX's escape features (HO)
Package: bigintcalc 2016/05/16 v1.4 Expandable calculations on big integers (HO
)
Package: bitset 2016/05/16 v1.2 Handle bit-vector datatype (HO)
Package: uniquecounter 2016/05/16 v1.3 Provide unlimited unique counter (HO)
)
Package hobsub Info: Skipping package `hobsub' (already loaded).
Package: letltxmacro 2016/05/16 v1.5 Let assignment for LaTeX macros (HO)
Package: hopatch 2016/05/16 v1.3 Wrapper for package hooks (HO)
Package: xcolor-patch 2016/05/16 xcolor patch
Package: atveryend 2016/05/16 v1.9 Hooks at the very end of document (HO)
Package atveryend Info: \enddocument detected (standard20110627).
Package: atbegshi 2016/05/16 v1.17 At begin shipout hook (HO)
Package: refcount 2016/05/16 v3.5 Data extraction from label references (HO)
Package: hycolor 2016/05/16 v1.8 Color options for hyperref/bookmark (HO)
)
(/usr/local/texlive/2016/texmf-dist/tex/latex/graphics/keyval.sty
Package: keyval 2014/10/28 v1.15 key=value parser (DPC)
\KV@toks@=\toks30
)
(/usr/local/texlive/2016/texmf-dist/tex/generic/ifxetex/ifxetex.sty
Package: ifxetex 2010/09/12 v0.6 Provides ifxetex conditional
)
(/usr/local/texlive/2016/texmf-dist/tex/latex/oberdiek/auxhook.sty
Package: auxhook 2016/05/16 v1.4 Hooks for auxiliary files (HO)
)
(/usr/local/texlive/2016/texmf-dist/tex/latex/oberdiek/kvoptions.sty
Package: kvoptions 2016/05/16 v3.12 Key value format for package options (HO)
)
\@linkdim=\dimen116
\Hy@linkcounter=\count101
\Hy@pagecounter=\count102

(/usr/local/texlive/2016/texmf-dist/tex/latex/hyperref/pd1enc.def
File: pd1enc.def 2016/05/05 v6.83n Hyperref: PDFDocEncoding definition (HO)
)
\Hy@SavedSpaceFactor=\count103

(/usr/local/texlive/2016/texmf-dist/tex/latex/latexconfig/hyperref.cfg
File: hyperref.cfg 2002/06/06 v1.2 hyperref configuration of TeXLive
)
Package hyperref Info: Option `colorlinks' set `true' on input line 4322.
Package hyperref Info: Hyper figures OFF on input line 4446.
Package hyperref Info: Link nesting OFF on input line 4451.
Package hyperref Info: Hyper index ON on input line 4454.
Package hyperref Info: Plain pages OFF on input line 4461.
Package hyperref Info: Backreferencing OFF on input line 4466.
Package hyperref Info: Implicit mode ON; LaTeX internals redefined.
Package hyperref Info: Bookmarks ON on input line 4691.
\c@Hy@tempcnt=\count104
LaTeX Info: Redefining \url on input line 5044.
\XeTeXLinkMargin=\dimen117
\Fld@menulength=\count105
\Field@Width=\dimen118
\Fld@charsize=\dimen119
Package hyperref Info: Hyper figures OFF on input line 6298.
Package hyperref Info: Link nesting OFF on input line 6303.
Package hyperref Info: Hyper index ON on input line 6306.
Package hyperref Info: backreferencing OFF on input line 6313.
Package hyperref Info: Link coloring ON on input line 6316.
Package hyperref Info: Link coloring with OCG OFF on input line 6323.
Package hyperref Info: PDF/A mode OFF on input line 6328.
LaTeX Info: Redefining \ref on input line 6368.
LaTeX Info: Redefining \pageref on input line 6372.
\Hy@abspage=\count106
\c@Item=\count107
\c@Hfootnote=\count108
)

Package hyperref Message: Driver (autodetected): hpdftex.

(/usr/local/texlive/2016/texmf-dist/tex/latex/hyperref/hpdftex.def
File: hpdftex.def 2016/05/05 v6.83n Hyperref driver for pdfTeX
\Fld@listcount=\count109
\c@bookmark@seq@number=\count110

(/usr/local/texlive/2016/texmf-dist/tex/latex/oberdiek/rerunfilecheck.sty
Package: rerunfilecheck 2016/05/16 v1.8 Rerun checks for auxiliary files (HO)
Package uniquecounter Info: New unique counter `rerunfilecheck' on input line 2
82.
)
\Hy@SectionHShift=\skip50
)
(/usr/local/texlive/2016/texmf-dist/tex/latex/microtype/microtype.sty
Package: microtype 2016/05/14 v2.6a Micro-typographical refinements (RS)
\MT@toks=\toks31
\MT@count=\count111
LaTeX Info: Redefining \textls on input line 774.
\MT@outer@kern=\dimen120
LaTeX Info: Redefining \textmicrotypecontext on input line 1310.
\MT@listname@count=\count112

(/usr/local/texlive/2016/texmf-dist/tex/latex/microtype/microtype-pdftex.def
File: microtype-pdftex.def 2016/05/14 v2.6a Definitions specific to pdftex (RS)

LaTeX Info: Redefining \lsstyle on input line 916.
LaTeX Info: Redefining \lslig on input line 916.
\MT@outer@space=\skip51
)
Package microtype Info: Loading configuration file microtype.cfg.

(/usr/local/texlive/2016/texmf-dist/tex/latex/microtype/microtype.cfg
File: microtype.cfg 2016/05/14 v2.6a microtype main configuration file (RS)
))
\c@theorem=\count113

(/usr/local/texlive/2016/texmf-dist/tex/latex/mathtools/mathtools.sty
Package: mathtools 2015/11/12 v1.18 mathematical typesetting tools

(/usr/local/texlive/2016/texmf-dist/tex/latex/tools/calc.sty
Package: calc 2014/10/28 v4.3 Infix arithmetic (KKT,FJ)
\calc@Acount=\count114
\calc@Bcount=\count115
\calc@Adimen=\dimen121
\calc@Bdimen=\dimen122
\calc@Askip=\skip52
\calc@Bskip=\skip53
LaTeX Info: Redefining \setlength on input line 80.
LaTeX Info: Redefining \addtolength on input line 81.
\calc@Ccount=\count116
\calc@Cskip=\skip54
)
(/usr/local/texlive/2016/texmf-dist/tex/latex/mathtools/mhsetup.sty
Package: mhsetup 2010/01/21 v1.2a programming setup (MH)
)
LaTeX Info: Thecontrolsequence`\('isalreadyrobust on input line 129.
LaTeX Info: Thecontrolsequence`\)'isalreadyrobust on input line 129.
LaTeX Info: Thecontrolsequence`\['isalreadyrobust on input line 129.
LaTeX Info: Thecontrolsequence`\]'isalreadyrobust on input line 129.
\g_MT_multlinerow_int=\count117
\l_MT_multwidth_dim=\dimen123
\origjot=\skip55
\l_MT_shortvdotswithinadjustabove_dim=\dimen124
\l_MT_shortvdotswithinadjustbelow_dim=\dimen125
\l_MT_above_intertext_sep=\dimen126
\l_MT_below_intertext_sep=\dimen127
\l_MT_above_shortintertext_sep=\dimen128
\l_MT_below_shortintertext_sep=\dimen129
))
(/usr/local/texlive/2016/texmf-dist/tex/latex/graphics/graphicx.sty
Package: graphicx 2014/10/28 v1.0g Enhanced LaTeX Graphics (DPC,SPQR)

(/usr/local/texlive/2016/texmf-dist/tex/latex/graphics/graphics.sty
Package: graphics 2016/05/09 v1.0r Standard LaTeX Graphics (DPC,SPQR)

(/usr/local/texlive/2016/texmf-dist/tex/latex/graphics/trig.sty
Package: trig 2016/01/03 v1.10 sin cos tan (DPC)
)
(/usr/local/texlive/2016/texmf-dist/tex/latex/graphics-cfg/graphics.cfg
File: graphics.cfg 2016/01/02 v1.10 sample graphics configuration
)
Package graphics Info: Driver file: pdftex.def on input line 96.
)
\Gin@req@height=\dimen130
\Gin@req@width=\dimen131
)
(/usr/local/texlive/2016/texmf-dist/tex/latex/subfigure/subfigure.sty
Package: subfigure 2002/03/15 v2.1.5 subfigure package
\subfigtopskip=\skip56
\subfigcapskip=\skip57
\subfigcaptopadj=\dimen132
\subfigbottomskip=\skip58
\subfigcapmargin=\dimen133
\subfiglabelskip=\skip59
\c@subfigure=\count118
\c@lofdepth=\count119
\c@subtable=\count120
\c@lotdepth=\count121

****************************************
* Local config file subfigure.cfg used *
****************************************
(/usr/local/texlive/2016/texmf-dist/tex/latex/subfigure/subfigure.cfg)
\subfig@top=\skip60
\subfig@bottom=\skip61
)
(/usr/local/texlive/2016/texmf-dist/tex/latex/psnfss/times.sty
Package: times 2005/04/12 PSNFSS-v9.2a (SPQR) 
)
(/usr/local/texlive/2016/texmf-dist/tex/latex/geometry/geometry.sty
Package: geometry 2010/09/12 v5.6 Page Geometry
\Gm@cnth=\count122
\Gm@cntv=\count123
\c@Gm@tempcnt=\count124
\Gm@bindingoffset=\dimen134
\Gm@wd@mp=\dimen135
\Gm@odd@mp=\dimen136
\Gm@even@mp=\dimen137
\Gm@layoutwidth=\dimen138
\Gm@layoutheight=\dimen139
\Gm@layouthoffset=\dimen140
\Gm@layoutvoffset=\dimen141
\Gm@dimlist=\toks32
)
(/usr/local/texlive/2016/texmf-dist/tex/latex/fancyhdr/fancyhdr.sty
\fancy@headwidth=\skip62
\f@ncyO@elh=\skip63
\f@ncyO@erh=\skip64
\f@ncyO@olh=\skip65
\f@ncyO@orh=\skip66
\f@ncyO@elf=\skip67
\f@ncyO@erf=\skip68
\f@ncyO@olf=\skip69
\f@ncyO@orf=\skip70
)
(./BSS_Report.aux

LaTeX Warning: Label `eqn:Ainversesvd' multiply defined.


LaTeX Warning: Label `eqn:C3Dnoise' multiply defined.


LaTeX Warning: Label `eqn:C3Dnoise' multiply defined.


LaTeX Warning: Label `def:convP' multiply defined.


LaTeX Warning: Label `fig:first' multiply defined.


LaTeX Warning: Label `sub@fig:first' multiply defined.


LaTeX Warning: Label `fig:second' multiply defined.


LaTeX Warning: Label `sub@fig:second' multiply defined.


LaTeX Warning: Label `fig:first' multiply defined.


LaTeX Warning: Label `sub@fig:first' multiply defined.


LaTeX Warning: Label `fig:second' multiply defined.


LaTeX Warning: Label `sub@fig:second' multiply defined.


LaTeX Warning: Label `fig:first' multiply defined.


LaTeX Warning: Label `sub@fig:first' multiply defined.


LaTeX Warning: Label `fig:second' multiply defined.


LaTeX Warning: Label `sub@fig:second' multiply defined.


LaTeX Warning: Label `fig:first' multiply defined.


LaTeX Warning: Label `sub@fig:first' multiply defined.


LaTeX Warning: Label `fig:second' multiply defined.


LaTeX Warning: Label `sub@fig:second' multiply defined.


LaTeX Warning: Label `fig:third' multiply defined.


LaTeX Warning: Label `sub@fig:third' multiply defined.


LaTeX Warning: Label `fig:first' multiply defined.


LaTeX Warning: Label `sub@fig:first' multiply defined.


LaTeX Warning: Label `fig:second' multiply defined.


LaTeX Warning: Label `sub@fig:second' multiply defined.


LaTeX Warning: Label `fig:third' multiply defined.


LaTeX Warning: Label `sub@fig:third' multiply defined.


LaTeX Warning: Label `fig:subfigures' multiply defined.


LaTeX Warning: Label `fig:first' multiply defined.


LaTeX Warning: Label `sub@fig:first' multiply defined.


LaTeX Warning: Label `fig:second' multiply defined.


LaTeX Warning: Label `sub@fig:second' multiply defined.


LaTeX Warning: Label `fig:first' multiply defined.


LaTeX Warning: Label `sub@fig:first' multiply defined.


LaTeX Warning: Label `fig:second' multiply defined.


LaTeX Warning: Label `sub@fig:second' multiply defined.


LaTeX Warning: Label `fig:first' multiply defined.


LaTeX Warning: Label `sub@fig:first' multiply defined.


LaTeX Warning: Label `fig:second' multiply defined.


LaTeX Warning: Label `sub@fig:second' multiply defined.


LaTeX Warning: Label `fig:subfigures' multiply defined.


LaTeX Warning: Label `fig:first' multiply defined.


LaTeX Warning: Label `sub@fig:first' multiply defined.


LaTeX Warning: Label `fig:second' multiply defined.


LaTeX Warning: Label `sub@fig:second' multiply defined.


LaTeX Warning: Label `fig:first' multiply defined.


LaTeX Warning: Label `sub@fig:first' multiply defined.


LaTeX Warning: Label `fig:second' multiply defined.


LaTeX Warning: Label `sub@fig:second' multiply defined.


LaTeX Warning: Label `fig:first' multiply defined.


LaTeX Warning: Label `sub@fig:first' multiply defined.


LaTeX Warning: Label `fig:second' multiply defined.


LaTeX Warning: Label `sub@fig:second' multiply defined.


LaTeX Warning: Label `fig:subfigures' multiply defined.

)
\openout1 = `BSS_Report.aux'.

LaTeX Font Info:    Checking defaults for OML/cmm/m/it on input line 26.
LaTeX Font Info:    ... okay on input line 26.
LaTeX Font Info:    Checking defaults for T1/cmr/m/n on input line 26.
LaTeX Font Info:    ... okay on input line 26.
LaTeX Font Info:    Checking defaults for OT1/cmr/m/n on input line 26.
LaTeX Font Info:    ... okay on input line 26.
LaTeX Font Info:    Checking defaults for OMS/cmsy/m/n on input line 26.
LaTeX Font Info:    ... okay on input line 26.
LaTeX Font Info:    Checking defaults for OMX/cmex/m/n on input line 26.
LaTeX Font Info:    ... okay on input line 26.
LaTeX Font Info:    Checking defaults for U/cmr/m/n on input line 26.
LaTeX Font Info:    ... okay on input line 26.
LaTeX Font Info:    Checking defaults for PD1/pdf/m/n on input line 26.
LaTeX Font Info:    ... okay on input line 26.
LaTeX Font Info:    Try loading font information for OT1+ptm on input line 26.
 (/usr/local/texlive/2016/texmf-dist/tex/latex/psnfss/ot1ptm.fd
File: ot1ptm.fd 2001/06/04 font definitions for OT1/ptm.
)<<ot1.cmap>>
(/usr/local/texlive/2016/texmf-dist/tex/context/base/mkii/supp-pdf.mkii
[Loading MPS to PDF converter (version 2006.09.02).]
\scratchcounter=\count125
\scratchdimen=\dimen142
\scratchbox=\box29
\nofMPsegments=\count126
\nofMParguments=\count127
\everyMPshowfont=\toks33
\MPscratchCnt=\count128
\MPscratchDim=\dimen143
\MPnumerator=\count129
\makeMPintoPDFobject=\count130
\everyMPtoPDFconversion=\toks34
)
\AtBeginShipoutBox=\box30
Package hyperref Info: Link coloring ON on input line 26.
 (/usr/local/texlive/2016/texmf-dist/tex/latex/hyperref/nameref.sty
Package: nameref 2012/10/27 v2.43 Cross-referencing by name of section

(/usr/local/texlive/2016/texmf-dist/tex/generic/oberdiek/gettitlestring.sty
Package: gettitlestring 2016/05/16 v1.5 Cleanup title references (HO)
)
\c@section@level=\count131
)
LaTeX Info: Redefining \ref on input line 26.
LaTeX Info: Redefining \pageref on input line 26.
LaTeX Info: Redefining \nameref on input line 26.

(./BSS_Report.out) (./BSS_Report.out)
\@outlinefile=\write3
\openout3 = `BSS_Report.out'.

LaTeX Info: Redefining \microtypecontext on input line 26.
Package microtype Info: Generating PDF output.
Package microtype Info: Character protrusion enabled (level 2).
Package microtype Info: Using default protrusion set `alltext'.
Package microtype Info: Automatic font expansion enabled (level 2),
(microtype)             stretch: 20, shrink: 20, step: 1, non-selected.
Package microtype Info: Using default expansion set `basictext'.
Package microtype Info: No adjustment of tracking.
Package microtype Info: No adjustment of interword spacing.
Package microtype Info: No adjustment of character kerning.

(/usr/local/texlive/2016/texmf-dist/tex/latex/microtype/mt-ptm.cfg
File: mt-ptm.cfg 2006/04/20 v1.7 microtype config. file: Times (RS)
)
(/usr/local/texlive/2016/texmf-dist/tex/latex/oberdiek/epstopdf-base.sty
Package: epstopdf-base 2016/05/15 v2.6 Base part for package epstopdf

(/usr/local/texlive/2016/texmf-dist/tex/latex/oberdiek/grfext.sty
Package: grfext 2016/05/16 v1.2 Manage graphics extensions (HO)
)
Package grfext Info: Graphics extension search list:
(grfext)             [.png,.pdf,.jpg,.mps,.jpeg,.jbig2,.jb2,.PNG,.PDF,.JPG,.JPE
G,.JBIG2,.JB2,.eps]
(grfext)             \AppendGraphicsExtensions on input line 456.

(/usr/local/texlive/2016/texmf-dist/tex/latex/latexconfig/epstopdf-sys.cfg
File: epstopdf-sys.cfg 2010/07/13 v1.3 Configuration of (r)epstopdf for TeX Liv
e
))
*geometry* driver: auto-detecting
*geometry* detected driver: pdftex
*geometry* verbose mode - [ preamble ] result:
* driver: pdftex
* paper: <default>
* layout: <same size as paper>
* layoutoffset:(h,v)=(0.0pt,0.0pt)
* modes: twoside 
* h-part:(L,W,R)=(72.26999pt, 469.75502pt, 72.26999pt)
* v-part:(T,H,B)=(72.26999pt, 650.43001pt, 72.26999pt)
* \paperwidth=614.295pt
* \paperheight=794.96999pt
* \textwidth=469.75502pt
* \textheight=650.43001pt
* \oddsidemargin=0.0pt
* \evensidemargin=0.0pt
* \topmargin=-39.0pt
* \headheight=14.0pt
* \headsep=25.0pt
* \topskip=11.0pt
* \footskip=30.0pt
* \marginparwidth=113.0pt
* \marginparsep=10.0pt
* \columnsep=10.0pt
* \skip\footins=10.0pt plus 4.0pt minus 2.0pt
* \hoffset=0.0pt
* \voffset=0.0pt
* \mag=1000
* \@twocolumnfalse
* \@twosidetrue
* \@mparswitchtrue
* \@reversemarginfalse
* (1in=72.27pt=25.4mm, 1cm=28.453pt)

(/usr/local/texlive/2016/texmf-dist/tex/latex/microtype/mt-cmr.cfg
File: mt-cmr.cfg 2013/05/19 v2.2 microtype config. file: Computer Modern Roman 
(RS)
)<<oml.cmap>><<oms.cmap>><<omx.cmap>>
LaTeX Font Info:    Try loading font information for U+msa on input line 28.

(/usr/local/texlive/2016/texmf-dist/tex/latex/amsfonts/umsa.fd
File: umsa.fd 2013/01/14 v3.01 AMS symbols A
)
(/usr/local/texlive/2016/texmf-dist/tex/latex/microtype/mt-msa.cfg
File: mt-msa.cfg 2006/02/04 v1.1 microtype config. file: AMS symbols (a) (RS)
)
LaTeX Font Info:    Try loading font information for U+msb on input line 28.

(/usr/local/texlive/2016/texmf-dist/tex/latex/amsfonts/umsb.fd
File: umsb.fd 2013/01/14 v3.01 AMS symbols B
)
(/usr/local/texlive/2016/texmf-dist/tex/latex/microtype/mt-msb.cfg
File: mt-msb.cfg 2005/06/01 v1.0 microtype config. file: AMS symbols (b) (RS)
)
LaTeX Font Info:    Font shape `OT1/ptm/bx/n' in size <10> not available
(Font)              Font shape `OT1/ptm/b/n' tried instead on input line 32.
LaTeX Font Info:    Font shape `OT1/ptm/bx/n' in size <14.4> not available
(Font)              Font shape `OT1/ptm/b/n' tried instead on input line 38.
LaTeX Font Info:    Font shape `OT1/ptm/bx/n' in size <12> not available
(Font)              Font shape `OT1/ptm/b/n' tried instead on input line 42.
 [1{/usr/local/texlive/2016/texmf-var/fonts/map/pdftex/updmap/pdftex.map}

] [2] [3]
LaTeX Font Info:    Try loading font information for OT1+phv on input line 93.

(/usr/local/texlive/2016/texmf-dist/tex/latex/psnfss/ot1phv.fd
File: ot1phv.fd 2001/06/04 scalable font definitions for OT1/phv.
)
Package microtype Info: Loading generic settings for font family
(microtype)             `phv' (encoding: OT1).
(microtype)             For optimal results, create family-specific settings.
(microtype)             See the microtype manual for details.
 [4] [5]
[6] [7] [8]
Underfull \vbox (badness 10000) has occurred while \output is active []

 [9]
[10] [11]
Underfull \vbox (badness 3312) has occurred while \output is active []

 [12]
[13]
Underfull \vbox (badness 10000) has occurred while \output is active []

 [14]
[15] [16] [17]
Overfull \vbox (1.19911pt too high) has occurred while \output is active []


[18] [19]

Package hyperref Warning: Token not allowed in a PDF string (PDFDocEncoding):
(hyperref)                removing `math shift' on input line 865.


Package hyperref Warning: Token not allowed in a PDF string (PDFDocEncoding):
(hyperref)                removing `superscript' on input line 865.


Package hyperref Warning: Token not allowed in a PDF string (PDFDocEncoding):
(hyperref)                removing `math shift' on input line 865.


Underfull \vbox (badness 10000) has occurred while \output is active []

 [20]
[21] [22]
Underfull \vbox (badness 1968) has occurred while \output is active []

 [23]
[24] [25]

Package amsmath Warning: Cannot use `split' here;
(amsmath)                trying to recover with `aligned' on input line 1133.


Package amsmath Warning: Cannot use `split' here;
(amsmath)                trying to recover with `aligned' on input line 1137.

[26] [27]
Overfull \hbox (9.09541pt too wide) in paragraph at lines 1211--1215
\OT1/ptm/m/n/10.95 (-20) case. In Fig-ure 1, we plot the en-ergy func-tional fo
r a de-gen-er-ate mix-ing ma-trix given by $\OML/cmm/m/it/10.95 A \OT1/cmr/m/n/
10.95 = [][]$\OT1/ptm/m/n/10.95 (-20) .
 []


LaTeX Warning: File `beforeQR3.eps' not found on input line 1224.

Package epstopdf Info: Source file: <beforeQR3.eps>
(epstopdf)             Output file: <beforeQR3-eps-converted-to.pdf>
(epstopdf)                    date: 2014-12-09 16:25:53
(epstopdf)                    size: 142120 bytes
(epstopdf)             Command: <repstopdf --outfile=beforeQR3-eps-converted-to
.pdf beforeQR3.eps>
(epstopdf)             \includegraphics on input line 1224.
Package epstopdf Info: Output file is already uptodate.
<beforeQR3-eps-converted-to.pdf, id=526, 404.51125pt x 303.1325pt>
File: beforeQR3-eps-converted-to.pdf Graphic file (type pdf)

<use beforeQR3-eps-converted-to.pdf>
Package pdftex.def Info: beforeQR3-eps-converted-to.pdf used on input line 1224
.
(pdftex.def)             Requested size: 202.25513pt x 151.56587pt.


LaTeX Warning: File `afterQR3.eps' not found on input line 1225.

Package epstopdf Info: Source file: <afterQR3.eps>
(epstopdf)             Output file: <afterQR3-eps-converted-to.pdf>
(epstopdf)                    date: 2014-12-09 16:25:55
(epstopdf)                    size: 74201 bytes
(epstopdf)             Command: <repstopdf --outfile=afterQR3-eps-converted-to.
pdf afterQR3.eps>
(epstopdf)             \includegraphics on input line 1225.
Package epstopdf Info: Output file is already uptodate.
<afterQR3-eps-converted-to.pdf, id=527, 404.51125pt x 303.1325pt>
File: afterQR3-eps-converted-to.pdf Graphic file (type pdf)

<use afterQR3-eps-converted-to.pdf>
Package pdftex.def Info: afterQR3-eps-converted-to.pdf used on input line 1225.

(pdftex.def)             Requested size: 202.25513pt x 151.56587pt.
 [28 <./beforeQR3-eps-converted-to.pdf> <./afterQR3-eps-converted-to.pdf>]
LaTeX Font Info:    Font shape `OT1/ptm/bx/n' in size <10.95> not available
(Font)              Font shape `OT1/ptm/b/n' tried instead on input line 1249.

Underfull \vbox (badness 5711) has occurred while \output is active []

 [29]
Package epstopdf Info: Source file: <3-Instantaneous-with-Noise-Optimization/mi
xture-1.eps>
(epstopdf)                    date: 2014-08-20 17:21:04
(epstopdf)                    size: 111731 bytes
(epstopdf)             Output file: <3-Instantaneous-with-Noise-Optimization/mi
xture-1-eps-converted-to.pdf>
(epstopdf)                    date: 2014-08-20 20:33:08
(epstopdf)                    size: 70839 bytes
(epstopdf)             Command: <repstopdf --outfile=3-Instantaneous-with-Noise
-Optimization/mixture-1-eps-converted-to.pdf 3-Instantaneous-with-Noise-Optimiz
ation/mixture-1.eps>
(epstopdf)             \includegraphics on input line 1304.
Package epstopdf Info: Output file is already uptodate.

<3-Instantaneous-with-Noise-Optimization/mixture-1-eps-converted-to.pdf, id=576
, 562.1pt x 421.575pt>
File: 3-Instantaneous-with-Noise-Optimization/mixture-1-eps-converted-to.pdf Gr
aphic file (type pdf)

<use 3-Instantaneous-with-Noise-Optimization/mixture-1-eps-converted-to.pdf>
Package pdftex.def Info: 3-Instantaneous-with-Noise-Optimization/mixture-1-eps-
converted-to.pdf used on input line 1304.
(pdftex.def)             Requested size: 187.89914pt x 140.92133pt.
Package epstopdf Info: Source file: <3-Instantaneous-with-Noise-Optimization/mi
xture-2.eps>
(epstopdf)                    date: 2014-08-20 17:20:56
(epstopdf)                    size: 116885 bytes
(epstopdf)             Output file: <3-Instantaneous-with-Noise-Optimization/mi
xture-2-eps-converted-to.pdf>
(epstopdf)                    date: 2014-08-20 20:33:10
(epstopdf)                    size: 73656 bytes
(epstopdf)             Command: <repstopdf --outfile=3-Instantaneous-with-Noise
-Optimization/mixture-2-eps-converted-to.pdf 3-Instantaneous-with-Noise-Optimiz
ation/mixture-2.eps>
(epstopdf)             \includegraphics on input line 1308.
Package epstopdf Info: Output file is already uptodate.

<3-Instantaneous-with-Noise-Optimization/mixture-2-eps-converted-to.pdf, id=577
, 562.1pt x 421.575pt>
File: 3-Instantaneous-with-Noise-Optimization/mixture-2-eps-converted-to.pdf Gr
aphic file (type pdf)

<use 3-Instantaneous-with-Noise-Optimization/mixture-2-eps-converted-to.pdf>
Package pdftex.def Info: 3-Instantaneous-with-Noise-Optimization/mixture-2-eps-
converted-to.pdf used on input line 1308.
(pdftex.def)             Requested size: 187.89914pt x 140.92133pt.
Package epstopdf Info: Source file: <3-Instantaneous-with-Noise-Optimization/re
covered-signal-2.eps>
(epstopdf)                    date: 2014-08-20 17:20:31
(epstopdf)                    size: 88539 bytes
(epstopdf)             Output file: <3-Instantaneous-with-Noise-Optimization/re
covered-signal-2-eps-converted-to.pdf>
(epstopdf)                    date: 2014-08-20 20:33:16
(epstopdf)                    size: 57620 bytes
(epstopdf)             Command: <repstopdf --outfile=3-Instantaneous-with-Noise
-Optimization/recovered-signal-2-eps-converted-to.pdf 3-Instantaneous-with-Nois
e-Optimization/recovered-signal-2.eps>
(epstopdf)             \includegraphics on input line 1312.
Package epstopdf Info: Output file is already uptodate.

<3-Instantaneous-with-Noise-Optimization/recovered-signal-2-eps-converted-to.pd
f, id=578, 562.1pt x 421.575pt>
File: 3-Instantaneous-with-Noise-Optimization/recovered-signal-2-eps-converted-
to.pdf Graphic file (type pdf)

<use 3-Instantaneous-with-Noise-Optimization/recovered-signal-2-eps-converted-t
o.pdf>
Package pdftex.def Info: 3-Instantaneous-with-Noise-Optimization/recovered-sign
al-2-eps-converted-to.pdf used on input line 1312.
(pdftex.def)             Requested size: 187.89914pt x 140.92133pt.
Package epstopdf Info: Source file: <3-Instantaneous-with-Noise-Optimization/re
covered-signal-1.eps>
(epstopdf)                    date: 2014-08-20 17:20:40
(epstopdf)                    size: 120294 bytes
(epstopdf)             Output file: <3-Instantaneous-with-Noise-Optimization/re
covered-signal-1-eps-converted-to.pdf>
(epstopdf)                    date: 2014-08-20 20:33:14
(epstopdf)                    size: 75523 bytes
(epstopdf)             Command: <repstopdf --outfile=3-Instantaneous-with-Noise
-Optimization/recovered-signal-1-eps-converted-to.pdf 3-Instantaneous-with-Nois
e-Optimization/recovered-signal-1.eps>
(epstopdf)             \includegraphics on input line 1316.
Package epstopdf Info: Output file is already uptodate.

<3-Instantaneous-with-Noise-Optimization/recovered-signal-1-eps-converted-to.pd
f, id=579, 562.1pt x 421.575pt>
File: 3-Instantaneous-with-Noise-Optimization/recovered-signal-1-eps-converted-
to.pdf Graphic file (type pdf)

<use 3-Instantaneous-with-Noise-Optimization/recovered-signal-1-eps-converted-t
o.pdf>
Package pdftex.def Info: 3-Instantaneous-with-Noise-Optimization/recovered-sign
al-1-eps-converted-to.pdf used on input line 1316.
(pdftex.def)             Requested size: 187.89914pt x 140.92133pt.
Package epstopdf Info: Source file: <3-Instantaneous-with-Noise-Optimization/cl
ean-signal-1.eps>
(epstopdf)                    date: 2014-08-20 17:21:34
(epstopdf)                    size: 84027 bytes
(epstopdf)             Output file: <3-Instantaneous-with-Noise-Optimization/cl
ean-signal-1-eps-converted-to.pdf>
(epstopdf)                    date: 2014-08-20 20:33:19
(epstopdf)                    size: 55134 bytes
(epstopdf)             Command: <repstopdf --outfile=3-Instantaneous-with-Noise
-Optimization/clean-signal-1-eps-converted-to.pdf 3-Instantaneous-with-Noise-Op
timization/clean-signal-1.eps>
(epstopdf)             \includegraphics on input line 1320.
Package epstopdf Info: Output file is already uptodate.

<3-Instantaneous-with-Noise-Optimization/clean-signal-1-eps-converted-to.pdf, i
d=580, 562.1pt x 421.575pt>
File: 3-Instantaneous-with-Noise-Optimization/clean-signal-1-eps-converted-to.p
df Graphic file (type pdf)

<use 3-Instantaneous-with-Noise-Optimization/clean-signal-1-eps-converted-to.pd
f>
Package pdftex.def Info: 3-Instantaneous-with-Noise-Optimization/clean-signal-1
-eps-converted-to.pdf used on input line 1320.
(pdftex.def)             Requested size: 187.89914pt x 140.92133pt.
Package epstopdf Info: Source file: <3-Instantaneous-with-Noise-Optimization/cl
ean-signal-2.eps>
(epstopdf)                    date: 2014-08-20 17:21:23
(epstopdf)                    size: 120740 bytes
(epstopdf)             Output file: <3-Instantaneous-with-Noise-Optimization/cl
ean-signal-2-eps-converted-to.pdf>
(epstopdf)                    date: 2014-08-20 20:33:21
(epstopdf)                    size: 75180 bytes
(epstopdf)             Command: <repstopdf --outfile=3-Instantaneous-with-Noise
-Optimization/clean-signal-2-eps-converted-to.pdf 3-Instantaneous-with-Noise-Op
timization/clean-signal-2.eps>
(epstopdf)             \includegraphics on input line 1324.
Package epstopdf Info: Output file is already uptodate.

<3-Instantaneous-with-Noise-Optimization/clean-signal-2-eps-converted-to.pdf, i
d=581, 562.1pt x 421.575pt>
File: 3-Instantaneous-with-Noise-Optimization/clean-signal-2-eps-converted-to.p
df Graphic file (type pdf)

<use 3-Instantaneous-with-Noise-Optimization/clean-signal-2-eps-converted-to.pd
f>
Package pdftex.def Info: 3-Instantaneous-with-Noise-Optimization/clean-signal-2
-eps-converted-to.pdf used on input line 1324.
(pdftex.def)             Requested size: 187.89914pt x 140.92133pt.
Package epstopdf Info: Source file: <0-Beijing/1sig1noiseOptimization/sigmaP-sp
eech.eps>
(epstopdf)                    date: 2014-11-28 13:57:33
(epstopdf)                    size: 68747 bytes
(epstopdf)             Output file: <0-Beijing/1sig1noiseOptimization/sigmaP-sp
eech-eps-converted-to.pdf>
(epstopdf)                    date: 2014-11-28 19:47:30
(epstopdf)                    size: 15079 bytes
(epstopdf)             Command: <repstopdf --outfile=0-Beijing/1sig1noiseOptimi
zation/sigmaP-speech-eps-converted-to.pdf 0-Beijing/1sig1noiseOptimization/sigm
aP-speech.eps>
(epstopdf)             \includegraphics on input line 1345.
Package epstopdf Info: Output file is already uptodate.

<0-Beijing/1sig1noiseOptimization/sigmaP-speech-eps-converted-to.pdf, id=582, 5
62.1pt x 421.575pt>
File: 0-Beijing/1sig1noiseOptimization/sigmaP-speech-eps-converted-to.pdf Graph
ic file (type pdf)

<use 0-Beijing/1sig1noiseOptimization/sigmaP-speech-eps-converted-to.pdf>
Package pdftex.def Info: 0-Beijing/1sig1noiseOptimization/sigmaP-speech-eps-con
verted-to.pdf used on input line 1345.
(pdftex.def)             Requested size: 224.83601pt x 168.627pt.
Package epstopdf Info: Source file: <0-Beijing/1sig1noiseOptimization/sigmaP-sp
eech-01shift.eps>
(epstopdf)                    date: 2014-11-29 16:21:41
(epstopdf)                    size: 68886 bytes
(epstopdf)             Output file: <0-Beijing/1sig1noiseOptimization/sigmaP-sp
eech-01shift-eps-converted-to.pdf>
(epstopdf)                    date: 2014-12-03 02:46:41
(epstopdf)                    size: 15029 bytes
(epstopdf)             Command: <repstopdf --outfile=0-Beijing/1sig1noiseOptimi
zation/sigmaP-speech-01shift-eps-converted-to.pdf 0-Beijing/1sig1noiseOptimizat
ion/sigmaP-speech-01shift.eps>
(epstopdf)             \includegraphics on input line 1346.
Package epstopdf Info: Output file is already uptodate.

<0-Beijing/1sig1noiseOptimization/sigmaP-speech-01shift-eps-converted-to.pdf, i
d=583, 562.1pt x 421.575pt>
File: 0-Beijing/1sig1noiseOptimization/sigmaP-speech-01shift-eps-converted-to.p
df Graphic file (type pdf)

<use 0-Beijing/1sig1noiseOptimization/sigmaP-speech-01shift-eps-converted-to.pd
f>
Package pdftex.def Info: 0-Beijing/1sig1noiseOptimization/sigmaP-speech-01shift
-eps-converted-to.pdf used on input line 1346.
(pdftex.def)             Requested size: 224.83601pt x 168.627pt.
 [30]
Underfull \vbox (badness 10000) has occurred while \output is active []

 [31 <./3-Instantaneous-with-Noise-Optimization/mixture-1-eps-converted-to.pdf>
 <./3-Instantaneous-with-Noise-Optimization/mixture-2-eps-converted-to.pdf> <./
3-Instantaneous-with-Noise-Optimization/recovered-signal-2-eps-converted-to.pdf
> <./3-Instantaneous-with-Noise-Optimization/recovered-signal-1-eps-converted-t
o.pdf> <./3-Instantaneous-with-Noise-Optimization/clean-signal-1-eps-converted-
to.pdf> <./3-Instantaneous-with-Noise-Optimization/clean-signal-2-eps-converted
-to.pdf>]
Underfull \vbox (badness 1577) has occurred while \output is active []

 [32 <./0-Beijing/1sig1noiseOptimization/sigmaP-speech-eps-converted-to.pdf> <.
/0-Beijing/1sig1noiseOptimization/sigmaP-speech-01shift-eps-converted-to.pdf>]
Package epstopdf Info: Source file: <5-Instantaneous-Three-Source-Separation-Gl
obal-Optimization-with-Noise/mixture-1.eps>
(epstopdf)                    date: 2014-08-20 18:49:02
(epstopdf)                    size: 100455 bytes
(epstopdf)             Output file: <5-Instantaneous-Three-Source-Separation-Gl
obal-Optimization-with-Noise/mixture-1-eps-converted-to.pdf>
(epstopdf)                    date: 2014-08-20 20:33:43
(epstopdf)                    size: 64959 bytes
(epstopdf)             Command: <repstopdf --outfile=5-Instantaneous-Three-Sour
ce-Separation-Global-Optimization-with-Noise/mixture-1-eps-converted-to.pdf 5-I
nstantaneous-Three-Source-Separation-Global-Optimization-with-Noise/mixture-1.e
ps>
(epstopdf)             \includegraphics on input line 1397.
Package epstopdf Info: Output file is already uptodate.

<5-Instantaneous-Three-Source-Separation-Global-Optimization-with-Noise/mixture
-1-eps-converted-to.pdf, id=663, 562.1pt x 421.575pt>
File: 5-Instantaneous-Three-Source-Separation-Global-Optimization-with-Noise/mi
xture-1-eps-converted-to.pdf Graphic file (type pdf)

<use 5-Instantaneous-Three-Source-Separation-Global-Optimization-with-Noise/mix
ture-1-eps-converted-to.pdf>
Package pdftex.def Info: 5-Instantaneous-Three-Source-Separation-Global-Optimiz
ation-with-Noise/mixture-1-eps-converted-to.pdf used on input line 1397.
(pdftex.def)             Requested size: 155.02pt x 116.26476pt.
Package epstopdf Info: Source file: <5-Instantaneous-Three-Source-Separation-Gl
obal-Optimization-with-Noise/mixture-2.eps>
(epstopdf)                    date: 2014-08-20 18:48:53
(epstopdf)                    size: 118420 bytes
(epstopdf)             Output file: <5-Instantaneous-Three-Source-Separation-Gl
obal-Optimization-with-Noise/mixture-2-eps-converted-to.pdf>
(epstopdf)                    date: 2014-08-20 20:33:45
(epstopdf)                    size: 74263 bytes
(epstopdf)             Command: <repstopdf --outfile=5-Instantaneous-Three-Sour
ce-Separation-Global-Optimization-with-Noise/mixture-2-eps-converted-to.pdf 5-I
nstantaneous-Three-Source-Separation-Global-Optimization-with-Noise/mixture-2.e
ps>
(epstopdf)             \includegraphics on input line 1401.
Package epstopdf Info: Output file is already uptodate.

<5-Instantaneous-Three-Source-Separation-Global-Optimization-with-Noise/mixture
-2-eps-converted-to.pdf, id=664, 562.1pt x 421.575pt>
File: 5-Instantaneous-Three-Source-Separation-Global-Optimization-with-Noise/mi
xture-2-eps-converted-to.pdf Graphic file (type pdf)

<use 5-Instantaneous-Three-Source-Separation-Global-Optimization-with-Noise/mix
ture-2-eps-converted-to.pdf>
Package pdftex.def Info: 5-Instantaneous-Three-Source-Separation-Global-Optimiz
ation-with-Noise/mixture-2-eps-converted-to.pdf used on input line 1401.
(pdftex.def)             Requested size: 155.02pt x 116.26476pt.
Package epstopdf Info: Source file: <5-Instantaneous-Three-Source-Separation-Gl
obal-Optimization-with-Noise/mixture-3.eps>
(epstopdf)                    date: 2014-08-20 18:48:35
(epstopdf)                    size: 99608 bytes
(epstopdf)             Output file: <5-Instantaneous-Three-Source-Separation-Gl
obal-Optimization-with-Noise/mixture-3-eps-converted-to.pdf>
(epstopdf)                    date: 2014-08-20 20:33:48
(epstopdf)                    size: 64561 bytes
(epstopdf)             Command: <repstopdf --outfile=5-Instantaneous-Three-Sour
ce-Separation-Global-Optimization-with-Noise/mixture-3-eps-converted-to.pdf 5-I
nstantaneous-Three-Source-Separation-Global-Optimization-with-Noise/mixture-3.e
ps>
(epstopdf)             \includegraphics on input line 1405.
Package epstopdf Info: Output file is already uptodate.

<5-Instantaneous-Three-Source-Separation-Global-Optimization-with-Noise/mixture
-3-eps-converted-to.pdf, id=665, 562.1pt x 421.575pt>
File: 5-Instantaneous-Three-Source-Separation-Global-Optimization-with-Noise/mi
xture-3-eps-converted-to.pdf Graphic file (type pdf)

<use 5-Instantaneous-Three-Source-Separation-Global-Optimization-with-Noise/mix
ture-3-eps-converted-to.pdf>
Package pdftex.def Info: 5-Instantaneous-Three-Source-Separation-Global-Optimiz
ation-with-Noise/mixture-3-eps-converted-to.pdf used on input line 1405.
(pdftex.def)             Requested size: 155.02pt x 116.26476pt.

Overfull \hbox (11.72992pt too wide) in paragraph at lines 1397--1405
 [][][][][] 
 []

Package epstopdf Info: Source file: <5-Instantaneous-Three-Source-Separation-Gl
obal-Optimization-with-Noise/recovered-signal-1.eps>
(epstopdf)                    date: 2014-08-20 18:48:28
(epstopdf)                    size: 87926 bytes
(epstopdf)             Output file: <5-Instantaneous-Three-Source-Separation-Gl
obal-Optimization-with-Noise/recovered-signal-1-eps-converted-to.pdf>
(epstopdf)                    date: 2014-08-20 20:33:54
(epstopdf)                    size: 57980 bytes
(epstopdf)             Command: <repstopdf --outfile=5-Instantaneous-Three-Sour
ce-Separation-Global-Optimization-with-Noise/recovered-signal-1-eps-converted-t
o.pdf 5-Instantaneous-Three-Source-Separation-Global-Optimization-with-Noise/re
covered-signal-1.eps>
(epstopdf)             \includegraphics on input line 1409.
Package epstopdf Info: Output file is already uptodate.

<5-Instantaneous-Three-Source-Separation-Global-Optimization-with-Noise/recover
ed-signal-1-eps-converted-to.pdf, id=666, 562.1pt x 421.575pt>
File: 5-Instantaneous-Three-Source-Separation-Global-Optimization-with-Noise/re
covered-signal-1-eps-converted-to.pdf Graphic file (type pdf)

<use 5-Instantaneous-Three-Source-Separation-Global-Optimization-with-Noise/rec
overed-signal-1-eps-converted-to.pdf>
Package pdftex.def Info: 5-Instantaneous-Three-Source-Separation-Global-Optimiz
ation-with-Noise/recovered-signal-1-eps-converted-to.pdf used on input line 140
9.
(pdftex.def)             Requested size: 155.02pt x 116.26476pt.
Package epstopdf Info: Source file: <5-Instantaneous-Three-Source-Separation-Gl
obal-Optimization-with-Noise/recovered-signal-3.eps>
(epstopdf)                    date: 2014-08-20 18:46:15
(epstopdf)                    size: 120378 bytes
(epstopdf)             Output file: <5-Instantaneous-Three-Source-Separation-Gl
obal-Optimization-with-Noise/recovered-signal-3-eps-converted-to.pdf>
(epstopdf)                    date: 2014-08-20 20:33:52
(epstopdf)                    size: 75192 bytes
(epstopdf)             Command: <repstopdf --outfile=5-Instantaneous-Three-Sour
ce-Separation-Global-Optimization-with-Noise/recovered-signal-3-eps-converted-t
o.pdf 5-Instantaneous-Three-Source-Separation-Global-Optimization-with-Noise/re
covered-signal-3.eps>
(epstopdf)             \includegraphics on input line 1413.
Package epstopdf Info: Output file is already uptodate.

<5-Instantaneous-Three-Source-Separation-Global-Optimization-with-Noise/recover
ed-signal-3-eps-converted-to.pdf, id=667, 562.1pt x 421.575pt>
File: 5-Instantaneous-Three-Source-Separation-Global-Optimization-with-Noise/re
covered-signal-3-eps-converted-to.pdf Graphic file (type pdf)

<use 5-Instantaneous-Three-Source-Separation-Global-Optimization-with-Noise/rec
overed-signal-3-eps-converted-to.pdf>
Package pdftex.def Info: 5-Instantaneous-Three-Source-Separation-Global-Optimiz
ation-with-Noise/recovered-signal-3-eps-converted-to.pdf used on input line 141
3.
(pdftex.def)             Requested size: 155.02pt x 116.26476pt.
Package epstopdf Info: Source file: <5-Instantaneous-Three-Source-Separation-Gl
obal-Optimization-with-Noise/recovered-signal-2.eps>
(epstopdf)                    date: 2014-08-20 18:47:52
(epstopdf)                    size: 86188 bytes
(epstopdf)             Output file: <5-Instantaneous-Three-Source-Separation-Gl
obal-Optimization-with-Noise/recovered-signal-2-eps-converted-to.pdf>
(epstopdf)                    date: 2014-08-20 20:33:50
(epstopdf)                    size: 57070 bytes
(epstopdf)             Command: <repstopdf --outfile=5-Instantaneous-Three-Sour
ce-Separation-Global-Optimization-with-Noise/recovered-signal-2-eps-converted-t
o.pdf 5-Instantaneous-Three-Source-Separation-Global-Optimization-with-Noise/re
covered-signal-2.eps>
(epstopdf)             \includegraphics on input line 1417.
Package epstopdf Info: Output file is already uptodate.

<5-Instantaneous-Three-Source-Separation-Global-Optimization-with-Noise/recover
ed-signal-2-eps-converted-to.pdf, id=668, 562.1pt x 421.575pt>
File: 5-Instantaneous-Three-Source-Separation-Global-Optimization-with-Noise/re
covered-signal-2-eps-converted-to.pdf Graphic file (type pdf)

<use 5-Instantaneous-Three-Source-Separation-Global-Optimization-with-Noise/rec
overed-signal-2-eps-converted-to.pdf>
Package pdftex.def Info: 5-Instantaneous-Three-Source-Separation-Global-Optimiz
ation-with-Noise/recovered-signal-2-eps-converted-to.pdf used on input line 141
7.
(pdftex.def)             Requested size: 155.02pt x 116.26476pt.

Overfull \hbox (11.72992pt too wide) in paragraph at lines 1409--1417
 [][][][][][] 
 []

Package epstopdf Info: Source file: <5-Instantaneous-Three-Source-Separation-Gl
obal-Optimization-with-Noise/clean-signal-1.eps>
(epstopdf)                    date: 2014-08-20 18:50:25
(epstopdf)                    size: 84027 bytes
(epstopdf)             Output file: <5-Instantaneous-Three-Source-Separation-Gl
obal-Optimization-with-Noise/clean-signal-1-eps-converted-to.pdf>
(epstopdf)                    date: 2014-08-20 20:33:57
(epstopdf)                    size: 55134 bytes
(epstopdf)             Command: <repstopdf --outfile=5-Instantaneous-Three-Sour
ce-Separation-Global-Optimization-with-Noise/clean-signal-1-eps-converted-to.pd
f 5-Instantaneous-Three-Source-Separation-Global-Optimization-with-Noise/clean-
signal-1.eps>
(epstopdf)             \includegraphics on input line 1421.
Package epstopdf Info: Output file is already uptodate.

<5-Instantaneous-Three-Source-Separation-Global-Optimization-with-Noise/clean-s
ignal-1-eps-converted-to.pdf, id=669, 562.1pt x 421.575pt>
File: 5-Instantaneous-Three-Source-Separation-Global-Optimization-with-Noise/cl
ean-signal-1-eps-converted-to.pdf Graphic file (type pdf)

<use 5-Instantaneous-Three-Source-Separation-Global-Optimization-with-Noise/cle
an-signal-1-eps-converted-to.pdf>
Package pdftex.def Info: 5-Instantaneous-Three-Source-Separation-Global-Optimiz
ation-with-Noise/clean-signal-1-eps-converted-to.pdf used on input line 1421.
(pdftex.def)             Requested size: 155.02pt x 116.26476pt.
Package epstopdf Info: Source file: <5-Instantaneous-Three-Source-Separation-Gl
obal-Optimization-with-Noise/clean-signal-3.eps>
(epstopdf)                    date: 2014-08-20 18:49:59
(epstopdf)                    size: 120388 bytes
(epstopdf)             Output file: <5-Instantaneous-Three-Source-Separation-Gl
obal-Optimization-with-Noise/clean-signal-3-eps-converted-to.pdf>
(epstopdf)                    date: 2014-08-20 20:33:59
(epstopdf)                    size: 75328 bytes
(epstopdf)             Command: <repstopdf --outfile=5-Instantaneous-Three-Sour
ce-Separation-Global-Optimization-with-Noise/clean-signal-3-eps-converted-to.pd
f 5-Instantaneous-Three-Source-Separation-Global-Optimization-with-Noise/clean-
signal-3.eps>
(epstopdf)             \includegraphics on input line 1425.
Package epstopdf Info: Output file is already uptodate.

<5-Instantaneous-Three-Source-Separation-Global-Optimization-with-Noise/clean-s
ignal-3-eps-converted-to.pdf, id=670, 562.1pt x 421.575pt>
File: 5-Instantaneous-Three-Source-Separation-Global-Optimization-with-Noise/cl
ean-signal-3-eps-converted-to.pdf Graphic file (type pdf)

<use 5-Instantaneous-Three-Source-Separation-Global-Optimization-with-Noise/cle
an-signal-3-eps-converted-to.pdf>
Package pdftex.def Info: 5-Instantaneous-Three-Source-Separation-Global-Optimiz
ation-with-Noise/clean-signal-3-eps-converted-to.pdf used on input line 1425.
(pdftex.def)             Requested size: 155.02pt x 116.26476pt.
Package epstopdf Info: Source file: <5-Instantaneous-Three-Source-Separation-Gl
obal-Optimization-with-Noise/clean-signal-2.eps>
(epstopdf)                    date: 2014-08-20 18:50:07
(epstopdf)                    size: 84200 bytes
(epstopdf)             Output file: <5-Instantaneous-Three-Source-Separation-Gl
obal-Optimization-with-Noise/clean-signal-2-eps-converted-to.pdf>
(epstopdf)                    date: 2014-08-20 20:34:01
(epstopdf)                    size: 55796 bytes
(epstopdf)             Command: <repstopdf --outfile=5-Instantaneous-Three-Sour
ce-Separation-Global-Optimization-with-Noise/clean-signal-2-eps-converted-to.pd
f 5-Instantaneous-Three-Source-Separation-Global-Optimization-with-Noise/clean-
signal-2.eps>
(epstopdf)             \includegraphics on input line 1429.
Package epstopdf Info: Output file is already uptodate.

<5-Instantaneous-Three-Source-Separation-Global-Optimization-with-Noise/clean-s
ignal-2-eps-converted-to.pdf, id=671, 562.1pt x 421.575pt>
File: 5-Instantaneous-Three-Source-Separation-Global-Optimization-with-Noise/cl
ean-signal-2-eps-converted-to.pdf Graphic file (type pdf)

<use 5-Instantaneous-Three-Source-Separation-Global-Optimization-with-Noise/cle
an-signal-2-eps-converted-to.pdf>
Package pdftex.def Info: 5-Instantaneous-Three-Source-Separation-Global-Optimiz
ation-with-Noise/clean-signal-2-eps-converted-to.pdf used on input line 1429.
(pdftex.def)             Requested size: 155.02pt x 116.26476pt.

Overfull \hbox (11.72992pt too wide) in paragraph at lines 1421--1429
 [][][][][][] 
 []

[33 <./5-Instantaneous-Three-Source-Separation-Global-Optimization-with-Noise/m
ixture-1-eps-converted-to.pdf> <./5-Instantaneous-Three-Source-Separation-Globa
l-Optimization-with-Noise/mixture-2-eps-converted-to.pdf> <./5-Instantaneous-Th
ree-Source-Separation-Global-Optimization-with-Noise/mixture-3-eps-converted-to
.pdf> <./5-Instantaneous-Three-Source-Separation-Global-Optimization-with-Noise
/recovered-signal-1-eps-converted-to.pdf> <./5-Instantaneous-Three-Source-Separ
ation-Global-Optimization-with-Noise/recovered-signal-3-eps-converted-to.pdf> <
./5-Instantaneous-Three-Source-Separation-Global-Optimization-with-Noise/recove
red-signal-2-eps-converted-to.pdf> <./5-Instantaneous-Three-Source-Separation-G
lobal-Optimization-with-Noise/clean-signal-1-eps-converted-to.pdf> <./5-Instant
aneous-Three-Source-Separation-Global-Optimization-with-Noise/clean-signal-3-ep
s-converted-to.pdf> <./5-Instantaneous-Three-Source-Separation-Global-Optimizat
ion-with-Noise/clean-signal-2-eps-converted-to.pdf>]
Package epstopdf Info: Source file: <6-Instantaneous-Degeneracy-Case/Instantane
ous-with-Noise-1-to-2/mixture-1.eps>
(epstopdf)                    date: 2014-08-20 18:55:23
(epstopdf)                    size: 112755 bytes
(epstopdf)             Output file: <6-Instantaneous-Degeneracy-Case/Instantane
ous-with-Noise-1-to-2/mixture-1-eps-converted-to.pdf>
(epstopdf)                    date: 2014-08-20 20:34:17
(epstopdf)                    size: 71320 bytes
(epstopdf)             Command: <repstopdf --outfile=6-Instantaneous-Degeneracy
-Case/Instantaneous-with-Noise-1-to-2/mixture-1-eps-converted-to.pdf 6-Instanta
neous-Degeneracy-Case/Instantaneous-with-Noise-1-to-2/mixture-1.eps>
(epstopdf)             \includegraphics on input line 1490.
Package epstopdf Info: Output file is already uptodate.

<6-Instantaneous-Degeneracy-Case/Instantaneous-with-Noise-1-to-2/mixture-1-eps-
converted-to.pdf, id=742, 562.1pt x 421.575pt>
File: 6-Instantaneous-Degeneracy-Case/Instantaneous-with-Noise-1-to-2/mixture-1
-eps-converted-to.pdf Graphic file (type pdf)

<use 6-Instantaneous-Degeneracy-Case/Instantaneous-with-Noise-1-to-2/mixture-1-
eps-converted-to.pdf>
Package pdftex.def Info: 6-Instantaneous-Degeneracy-Case/Instantaneous-with-Noi
se-1-to-2/mixture-1-eps-converted-to.pdf used on input line 1490.
(pdftex.def)             Requested size: 187.89914pt x 140.92133pt.
Package epstopdf Info: Source file: <6-Instantaneous-Degeneracy-Case/Instantane
ous-with-Noise-1-to-2/mixture-2.eps>
(epstopdf)                    date: 2014-08-20 18:55:08
(epstopdf)                    size: 112748 bytes
(epstopdf)             Output file: <6-Instantaneous-Degeneracy-Case/Instantane
ous-with-Noise-1-to-2/mixture-2-eps-converted-to.pdf>
(epstopdf)                    date: 2014-08-20 20:34:19
(epstopdf)                    size: 71502 bytes
(epstopdf)             Command: <repstopdf --outfile=6-Instantaneous-Degeneracy
-Case/Instantaneous-with-Noise-1-to-2/mixture-2-eps-converted-to.pdf 6-Instanta
neous-Degeneracy-Case/Instantaneous-with-Noise-1-to-2/mixture-2.eps>
(epstopdf)             \includegraphics on input line 1494.
Package epstopdf Info: Output file is already uptodate.

<6-Instantaneous-Degeneracy-Case/Instantaneous-with-Noise-1-to-2/mixture-2-eps-
converted-to.pdf, id=743, 562.1pt x 421.575pt>
File: 6-Instantaneous-Degeneracy-Case/Instantaneous-with-Noise-1-to-2/mixture-2
-eps-converted-to.pdf Graphic file (type pdf)

<use 6-Instantaneous-Degeneracy-Case/Instantaneous-with-Noise-1-to-2/mixture-2-
eps-converted-to.pdf>
Package pdftex.def Info: 6-Instantaneous-Degeneracy-Case/Instantaneous-with-Noi
se-1-to-2/mixture-2-eps-converted-to.pdf used on input line 1494.
(pdftex.def)             Requested size: 187.89914pt x 140.92133pt.
Package epstopdf Info: Source file: <6-Instantaneous-Degeneracy-Case/Instantane
ous-with-Noise-1-to-2/recovered-signal-1.eps>
(epstopdf)                    date: 2014-08-20 18:55:00
(epstopdf)                    size: 91217 bytes
(epstopdf)             Output file: <6-Instantaneous-Degeneracy-Case/Instantane
ous-with-Noise-1-to-2/recovered-signal-1-eps-converted-to.pdf>
(epstopdf)                    date: 2014-08-20 20:34:22
(epstopdf)                    size: 59438 bytes
(epstopdf)             Command: <repstopdf --outfile=6-Instantaneous-Degeneracy
-Case/Instantaneous-with-Noise-1-to-2/recovered-signal-1-eps-converted-to.pdf 6
-Instantaneous-Degeneracy-Case/Instantaneous-with-Noise-1-to-2/recovered-signal
-1.eps>
(epstopdf)             \includegraphics on input line 1498.
Package epstopdf Info: Output file is already uptodate.

<6-Instantaneous-Degeneracy-Case/Instantaneous-with-Noise-1-to-2/recovered-sign
al-1-eps-converted-to.pdf, id=744, 562.1pt x 421.575pt>
File: 6-Instantaneous-Degeneracy-Case/Instantaneous-with-Noise-1-to-2/recovered
-signal-1-eps-converted-to.pdf Graphic file (type pdf)

<use 6-Instantaneous-Degeneracy-Case/Instantaneous-with-Noise-1-to-2/recovered-
signal-1-eps-converted-to.pdf>
Package pdftex.def Info: 6-Instantaneous-Degeneracy-Case/Instantaneous-with-Noi
se-1-to-2/recovered-signal-1-eps-converted-to.pdf used on input line 1498.
(pdftex.def)             Requested size: 187.89914pt x 140.92133pt.
Package epstopdf Info: Source file: <6-Instantaneous-Degeneracy-Case/Instantane
ous-with-Noise-1-to-2/recovered-signal-2.eps>
(epstopdf)                    date: 2014-08-20 18:54:39
(epstopdf)                    size: 121078 bytes
(epstopdf)             Output file: <6-Instantaneous-Degeneracy-Case/Instantane
ous-with-Noise-1-to-2/recovered-signal-2-eps-converted-to.pdf>
(epstopdf)                    date: 2014-08-20 20:34:24
(epstopdf)                    size: 75390 bytes
(epstopdf)             Command: <repstopdf --outfile=6-Instantaneous-Degeneracy
-Case/Instantaneous-with-Noise-1-to-2/recovered-signal-2-eps-converted-to.pdf 6
-Instantaneous-Degeneracy-Case/Instantaneous-with-Noise-1-to-2/recovered-signal
-2.eps>
(epstopdf)             \includegraphics on input line 1502.
Package epstopdf Info: Output file is already uptodate.

<6-Instantaneous-Degeneracy-Case/Instantaneous-with-Noise-1-to-2/recovered-sign
al-2-eps-converted-to.pdf, id=745, 562.1pt x 421.575pt>
File: 6-Instantaneous-Degeneracy-Case/Instantaneous-with-Noise-1-to-2/recovered
-signal-2-eps-converted-to.pdf Graphic file (type pdf)

<use 6-Instantaneous-Degeneracy-Case/Instantaneous-with-Noise-1-to-2/recovered-
signal-2-eps-converted-to.pdf>
Package pdftex.def Info: 6-Instantaneous-Degeneracy-Case/Instantaneous-with-Noi
se-1-to-2/recovered-signal-2-eps-converted-to.pdf used on input line 1502.
(pdftex.def)             Requested size: 187.89914pt x 140.92133pt.
Package epstopdf Info: Source file: <6-Instantaneous-Degeneracy-Case/Instantane
ous-with-Noise-1-to-2/clean-signal-1.eps>
(epstopdf)                    date: 2014-08-20 18:55:54
(epstopdf)                    size: 84027 bytes
(epstopdf)             Output file: <6-Instantaneous-Degeneracy-Case/Instantane
ous-with-Noise-1-to-2/clean-signal-1-eps-converted-to.pdf>
(epstopdf)                    date: 2014-08-20 20:34:26
(epstopdf)                    size: 55134 bytes
(epstopdf)             Command: <repstopdf --outfile=6-Instantaneous-Degeneracy
-Case/Instantaneous-with-Noise-1-to-2/clean-signal-1-eps-converted-to.pdf 6-Ins
tantaneous-Degeneracy-Case/Instantaneous-with-Noise-1-to-2/clean-signal-1.eps>
(epstopdf)             \includegraphics on input line 1506.
Package epstopdf Info: Output file is already uptodate.

<6-Instantaneous-Degeneracy-Case/Instantaneous-with-Noise-1-to-2/clean-signal-1
-eps-converted-to.pdf, id=746, 562.1pt x 421.575pt>
File: 6-Instantaneous-Degeneracy-Case/Instantaneous-with-Noise-1-to-2/clean-sig
nal-1-eps-converted-to.pdf Graphic file (type pdf)

<use 6-Instantaneous-Degeneracy-Case/Instantaneous-with-Noise-1-to-2/clean-sign
al-1-eps-converted-to.pdf>
Package pdftex.def Info: 6-Instantaneous-Degeneracy-Case/Instantaneous-with-Noi
se-1-to-2/clean-signal-1-eps-converted-to.pdf used on input line 1506.
(pdftex.def)             Requested size: 187.89914pt x 140.92133pt.
Package epstopdf Info: Source file: <6-Instantaneous-Degeneracy-Case/Instantane
ous-with-Noise-1-to-2/clean-signal-2.eps>
(epstopdf)                    date: 2014-08-20 18:55:34
(epstopdf)                    size: 120640 bytes
(epstopdf)             Output file: <6-Instantaneous-Degeneracy-Case/Instantane
ous-with-Noise-1-to-2/clean-signal-2-eps-converted-to.pdf>
(epstopdf)                    date: 2014-08-20 20:34:28
(epstopdf)                    size: 75321 bytes
(epstopdf)             Command: <repstopdf --outfile=6-Instantaneous-Degeneracy
-Case/Instantaneous-with-Noise-1-to-2/clean-signal-2-eps-converted-to.pdf 6-Ins
tantaneous-Degeneracy-Case/Instantaneous-with-Noise-1-to-2/clean-signal-2.eps>
(epstopdf)             \includegraphics on input line 1510.
Package epstopdf Info: Output file is already uptodate.

<6-Instantaneous-Degeneracy-Case/Instantaneous-with-Noise-1-to-2/clean-signal-2
-eps-converted-to.pdf, id=747, 562.1pt x 421.575pt>
File: 6-Instantaneous-Degeneracy-Case/Instantaneous-with-Noise-1-to-2/clean-sig
nal-2-eps-converted-to.pdf Graphic file (type pdf)

<use 6-Instantaneous-Degeneracy-Case/Instantaneous-with-Noise-1-to-2/clean-sign
al-2-eps-converted-to.pdf>
Package pdftex.def Info: 6-Instantaneous-Degeneracy-Case/Instantaneous-with-Noi
se-1-to-2/clean-signal-2-eps-converted-to.pdf used on input line 1510.
(pdftex.def)             Requested size: 187.89914pt x 140.92133pt.
Package epstopdf Info: Source file: <0-Beijing/1sig1noiseOptimization/sigmaP-sp
eech-deg-preQR.eps>
(epstopdf)                    date: 2014-11-29 16:57:43
(epstopdf)                    size: 68604 bytes
(epstopdf)             Output file: <0-Beijing/1sig1noiseOptimization/sigmaP-sp
eech-deg-preQR-eps-converted-to.pdf>
(epstopdf)                    date: 2014-12-03 02:46:43
(epstopdf)                    size: 14228 bytes
(epstopdf)             Command: <repstopdf --outfile=0-Beijing/1sig1noiseOptimi
zation/sigmaP-speech-deg-preQR-eps-converted-to.pdf 0-Beijing/1sig1noiseOptimiz
ation/sigmaP-speech-deg-preQR.eps>
(epstopdf)             \includegraphics on input line 1529.
Package epstopdf Info: Output file is already uptodate.

<0-Beijing/1sig1noiseOptimization/sigmaP-speech-deg-preQR-eps-converted-to.pdf,
 id=748, 562.1pt x 421.575pt>
File: 0-Beijing/1sig1noiseOptimization/sigmaP-speech-deg-preQR-eps-converted-to
.pdf Graphic file (type pdf)

<use 0-Beijing/1sig1noiseOptimization/sigmaP-speech-deg-preQR-eps-converted-to.
pdf>
Package pdftex.def Info: 0-Beijing/1sig1noiseOptimization/sigmaP-speech-deg-pre
QR-eps-converted-to.pdf used on input line 1529.
(pdftex.def)             Requested size: 224.83601pt x 168.627pt.
 [34]
Underfull \vbox (badness 4995) has occurred while \output is active []

 [35 <./6-Instantaneous-Degeneracy-Case/Instantaneous-with-Noise-1-to-2/mixture
-1-eps-converted-to.pdf> <./6-Instantaneous-Degeneracy-Case/Instantaneous-with-
Noise-1-to-2/mixture-2-eps-converted-to.pdf> <./6-Instantaneous-Degeneracy-Case
/Instantaneous-with-Noise-1-to-2/recovered-signal-1-eps-converted-to.pdf> <./6-
Instantaneous-Degeneracy-Case/Instantaneous-with-Noise-1-to-2/recovered-signal-
2-eps-converted-to.pdf> <./6-Instantaneous-Degeneracy-Case/Instantaneous-with-N
oise-1-to-2/clean-signal-1-eps-converted-to.pdf> <./6-Instantaneous-Degeneracy-
Case/Instantaneous-with-Noise-1-to-2/clean-signal-2-eps-converted-to.pdf>]
Package epstopdf Info: Source file: <8-Convolution-Case-Optimization/mixture-1.
eps>
(epstopdf)                    date: 2014-08-24 12:51:27
(epstopdf)                    size: 103562 bytes
(epstopdf)             Output file: <8-Convolution-Case-Optimization/mixture-1-
eps-converted-to.pdf>
(epstopdf)                    date: 2014-08-24 13:38:42
(epstopdf)                    size: 65493 bytes
(epstopdf)             Command: <repstopdf --outfile=8-Convolution-Case-Optimiz
ation/mixture-1-eps-converted-to.pdf 8-Convolution-Case-Optimization/mixture-1.
eps>
(epstopdf)             \includegraphics on input line 1567.
Package epstopdf Info: Output file is already uptodate.

<8-Convolution-Case-Optimization/mixture-1-eps-converted-to.pdf, id=809, 562.1p
t x 421.575pt>
File: 8-Convolution-Case-Optimization/mixture-1-eps-converted-to.pdf Graphic fi
le (type pdf)

<use 8-Convolution-Case-Optimization/mixture-1-eps-converted-to.pdf>
Package pdftex.def Info: 8-Convolution-Case-Optimization/mixture-1-eps-converte
d-to.pdf used on input line 1567.
(pdftex.def)             Requested size: 187.89914pt x 140.92133pt.
Package epstopdf Info: Source file: <8-Convolution-Case-Optimization/mixture-2.
eps>
(epstopdf)                    date: 2014-08-24 12:51:16
(epstopdf)                    size: 107668 bytes
(epstopdf)             Output file: <8-Convolution-Case-Optimization/mixture-2-
eps-converted-to.pdf>
(epstopdf)                    date: 2014-08-24 13:38:44
(epstopdf)                    size: 68841 bytes
(epstopdf)             Command: <repstopdf --outfile=8-Convolution-Case-Optimiz
ation/mixture-2-eps-converted-to.pdf 8-Convolution-Case-Optimization/mixture-2.
eps>
(epstopdf)             \includegraphics on input line 1571.
Package epstopdf Info: Output file is already uptodate.

<8-Convolution-Case-Optimization/mixture-2-eps-converted-to.pdf, id=810, 562.1p
t x 421.575pt>
File: 8-Convolution-Case-Optimization/mixture-2-eps-converted-to.pdf Graphic fi
le (type pdf)

<use 8-Convolution-Case-Optimization/mixture-2-eps-converted-to.pdf>
Package pdftex.def Info: 8-Convolution-Case-Optimization/mixture-2-eps-converte
d-to.pdf used on input line 1571.
(pdftex.def)             Requested size: 187.89914pt x 140.92133pt.
Package epstopdf Info: Source file: <8-Convolution-Case-Optimization/recovered-
signal-1.eps>
(epstopdf)                    date: 2014-08-24 12:50:58
(epstopdf)                    size: 99155 bytes
(epstopdf)             Output file: <8-Convolution-Case-Optimization/recovered-
signal-1-eps-converted-to.pdf>
(epstopdf)                    date: 2014-08-24 13:38:49
(epstopdf)                    size: 63121 bytes
(epstopdf)             Command: <repstopdf --outfile=8-Convolution-Case-Optimiz
ation/recovered-signal-1-eps-converted-to.pdf 8-Convolution-Case-Optimization/r
ecovered-signal-1.eps>
(epstopdf)             \includegraphics on input line 1575.
Package epstopdf Info: Output file is already uptodate.

<8-Convolution-Case-Optimization/recovered-signal-1-eps-converted-to.pdf, id=81
1, 562.1pt x 421.575pt>
File: 8-Convolution-Case-Optimization/recovered-signal-1-eps-converted-to.pdf G
raphic file (type pdf)

<use 8-Convolution-Case-Optimization/recovered-signal-1-eps-converted-to.pdf>
Package pdftex.def Info: 8-Convolution-Case-Optimization/recovered-signal-1-eps
-converted-to.pdf used on input line 1575.
(pdftex.def)             Requested size: 187.89914pt x 140.92133pt.
Package epstopdf Info: Source file: <8-Convolution-Case-Optimization/recovered-
signal-2.eps>
(epstopdf)                    date: 2014-08-24 12:50:45
(epstopdf)                    size: 100460 bytes
(epstopdf)             Output file: <8-Convolution-Case-Optimization/recovered-
signal-2-eps-converted-to.pdf>
(epstopdf)                    date: 2014-08-24 13:38:46
(epstopdf)                    size: 65341 bytes
(epstopdf)             Command: <repstopdf --outfile=8-Convolution-Case-Optimiz
ation/recovered-signal-2-eps-converted-to.pdf 8-Convolution-Case-Optimization/r
ecovered-signal-2.eps>
(epstopdf)             \includegraphics on input line 1579.
Package epstopdf Info: Output file is already uptodate.

<8-Convolution-Case-Optimization/recovered-signal-2-eps-converted-to.pdf, id=81
2, 562.1pt x 421.575pt>
File: 8-Convolution-Case-Optimization/recovered-signal-2-eps-converted-to.pdf G
raphic file (type pdf)

<use 8-Convolution-Case-Optimization/recovered-signal-2-eps-converted-to.pdf>
Package pdftex.def Info: 8-Convolution-Case-Optimization/recovered-signal-2-eps
-converted-to.pdf used on input line 1579.
(pdftex.def)             Requested size: 187.89914pt x 140.92133pt.
Package epstopdf Info: Source file: <8-Convolution-Case-Optimization/clean-sign
al-1.eps>
(epstopdf)                    date: 2014-08-24 12:50:18
(epstopdf)                    size: 95269 bytes
(epstopdf)             Output file: <8-Convolution-Case-Optimization/clean-sign
al-1-eps-converted-to.pdf>
(epstopdf)                    date: 2014-08-24 13:38:51
(epstopdf)                    size: 60259 bytes
(epstopdf)             Command: <repstopdf --outfile=8-Convolution-Case-Optimiz
ation/clean-signal-1-eps-converted-to.pdf 8-Convolution-Case-Optimization/clean
-signal-1.eps>
(epstopdf)             \includegraphics on input line 1583.
Package epstopdf Info: Output file is already uptodate.

<8-Convolution-Case-Optimization/clean-signal-1-eps-converted-to.pdf, id=813, 5
62.1pt x 421.575pt>
File: 8-Convolution-Case-Optimization/clean-signal-1-eps-converted-to.pdf Graph
ic file (type pdf)

<use 8-Convolution-Case-Optimization/clean-signal-1-eps-converted-to.pdf>
Package pdftex.def Info: 8-Convolution-Case-Optimization/clean-signal-1-eps-con
verted-to.pdf used on input line 1583.
(pdftex.def)             Requested size: 187.89914pt x 140.92133pt.
Package epstopdf Info: Source file: <8-Convolution-Case-Optimization/clean-sign
al-2.eps>
(epstopdf)                    date: 2014-08-24 12:50:05
(epstopdf)                    size: 102948 bytes
(epstopdf)             Output file: <8-Convolution-Case-Optimization/clean-sign
al-2-eps-converted-to.pdf>
(epstopdf)                    date: 2014-08-24 13:38:53
(epstopdf)                    size: 65981 bytes
(epstopdf)             Command: <repstopdf --outfile=8-Convolution-Case-Optimiz
ation/clean-signal-2-eps-converted-to.pdf 8-Convolution-Case-Optimization/clean
-signal-2.eps>
(epstopdf)             \includegraphics on input line 1587.
Package epstopdf Info: Output file is already uptodate.

<8-Convolution-Case-Optimization/clean-signal-2-eps-converted-to.pdf, id=814, 5
62.1pt x 421.575pt>
File: 8-Convolution-Case-Optimization/clean-signal-2-eps-converted-to.pdf Graph
ic file (type pdf)

<use 8-Convolution-Case-Optimization/clean-signal-2-eps-converted-to.pdf>
Package pdftex.def Info: 8-Convolution-Case-Optimization/clean-signal-2-eps-con
verted-to.pdf used on input line 1587.
(pdftex.def)             Requested size: 187.89914pt x 140.92133pt.
Package epstopdf Info: Source file: <0-Beijing/3by3_2sig1noise_deg/sigmaP-music
-our-preQR.eps>
(epstopdf)                    date: 2014-12-07 11:48:32
(epstopdf)                    size: 53522 bytes
(epstopdf)             Output file: <0-Beijing/3by3_2sig1noise_deg/sigmaP-music
-our-preQR-eps-converted-to.pdf>
(epstopdf)                    date: 2014-12-07 16:12:00
(epstopdf)                    size: 11470 bytes
(epstopdf)             Command: <repstopdf --outfile=0-Beijing/3by3_2sig1noise_
deg/sigmaP-music-our-preQR-eps-converted-to.pdf 0-Beijing/3by3_2sig1noise_deg/s
igmaP-music-our-preQR.eps>
(epstopdf)             \includegraphics on input line 1604.
Package epstopdf Info: Output file is already uptodate.

<0-Beijing/3by3_2sig1noise_deg/sigmaP-music-our-preQR-eps-converted-to.pdf, id=
815, 562.1pt x 421.575pt>
File: 0-Beijing/3by3_2sig1noise_deg/sigmaP-music-our-preQR-eps-converted-to.pdf
 Graphic file (type pdf)

<use 0-Beijing/3by3_2sig1noise_deg/sigmaP-music-our-preQR-eps-converted-to.pdf>
Package pdftex.def Info: 0-Beijing/3by3_2sig1noise_deg/sigmaP-music-our-preQR-e
ps-converted-to.pdf used on input line 1604.
(pdftex.def)             Requested size: 224.83601pt x 168.627pt.
Package epstopdf Info: Source file: <0-Beijing/3by3_2sig1noise_deg/sigmaP-music
-degen.eps>
(epstopdf)                    date: 2014-12-05 19:54:11
(epstopdf)                    size: 93836 bytes
(epstopdf)             Output file: <0-Beijing/3by3_2sig1noise_deg/sigmaP-music
-degen-eps-converted-to.pdf>
(epstopdf)                    date: 2014-12-05 23:50:01
(epstopdf)                    size: 15902 bytes
(epstopdf)             Command: <repstopdf --outfile=0-Beijing/3by3_2sig1noise_
deg/sigmaP-music-degen-eps-converted-to.pdf 0-Beijing/3by3_2sig1noise_deg/sigma
P-music-degen.eps>
(epstopdf)             \includegraphics on input line 1605.
Package epstopdf Info: Output file is already uptodate.

<0-Beijing/3by3_2sig1noise_deg/sigmaP-music-degen-eps-converted-to.pdf, id=816,
 562.1pt x 421.575pt>
File: 0-Beijing/3by3_2sig1noise_deg/sigmaP-music-degen-eps-converted-to.pdf Gra
phic file (type pdf)

<use 0-Beijing/3by3_2sig1noise_deg/sigmaP-music-degen-eps-converted-to.pdf>
Package pdftex.def Info: 0-Beijing/3by3_2sig1noise_deg/sigmaP-music-degen-eps-c
onverted-to.pdf used on input line 1605.
(pdftex.def)             Requested size: 224.83601pt x 168.627pt.

[36 <./0-Beijing/1sig1noiseOptimization/sigmaP-speech-deg-preQR-eps-converted-t
o.pdf>]
Underfull \vbox (badness 2626) has occurred while \output is active []

 [37 <./8-Convolution-Case-Optimization/mixture-1-eps-converted-to.pdf> <./8-Co
nvolution-Case-Optimization/mixture-2-eps-converted-to.pdf> <./8-Convolution-Ca
se-Optimization/recovered-signal-1-eps-converted-to.pdf> <./8-Convolution-Case-
Optimization/recovered-signal-2-eps-converted-to.pdf> <./8-Convolution-Case-Opt
imization/clean-signal-1-eps-converted-to.pdf> <./8-Convolution-Case-Optimizati
on/clean-signal-2-eps-converted-to.pdf>] [38 <./0-Beijing/3by3_2sig1noise_deg/s
igmaP-music-our-preQR-eps-converted-to.pdf> <./0-Beijing/3by3_2sig1noise_deg/si
gmaP-music-degen-eps-converted-to.pdf>]
Underfull \vbox (badness 1577) has occurred while \output is active []

 [39]
[40]
Package atveryend Info: Empty hook `BeforeClearDocument' on input line 1680.
 [41]
Package atveryend Info: Empty hook `AfterLastShipout' on input line 1680.
 (./BSS_Report.aux)
Package atveryend Info: Executing hook `AtVeryEndDocument' on input line 1680.
Package atveryend Info: Executing hook `AtEndAfterFileList' on input line 1680.

Package rerunfilecheck Info: File `BSS_Report.out' has not changed.
(rerunfilecheck)             Checksum: 25EAC28A011FEB92F49BE64995B0E233;1839.


LaTeX Warning: There were multiply-defined labels.

Package atveryend Info: Empty hook `AtVeryVeryEnd' on input line 1680.
 ) 
Here is how much of TeX's memory you used:
 10957 strings out of 493014
 172305 string characters out of 6133351
 307348 words of memory out of 5000000
 13709 multiletter control sequences out of 15000+600000
 50243 words of font info for 266 fonts, out of 8000000 for 9000
 1141 hyphenation exceptions out of 8191
 33i,24n,43p,1488b,457s stack positions out of 5000i,500n,10000p,200000b,80000s
{/usr/local/texlive/2016/texmf-dist/fonts/enc/dvips/base/8r.enc}</usr/local/t
exlive/2016/texmf-dist/fonts/type1/public/amsfonts/cm/cmex10.pfb></usr/local/te
xlive/2016/texmf-dist/fonts/type1/public/amsfonts/cm/cmmi10.pfb></usr/local/tex
live/2016/texmf-dist/fonts/type1/public/amsfonts/cm/cmmi12.pfb></usr/local/texl
ive/2016/texmf-dist/fonts/type1/public/amsfonts/cm/cmmi6.pfb></usr/local/texliv
e/2016/texmf-dist/fonts/type1/public/amsfonts/cm/cmmi8.pfb></usr/local/texlive/
2016/texmf-dist/fonts/type1/public/amsfonts/cm/cmr10.pfb></usr/local/texlive/20
16/texmf-dist/fonts/type1/public/amsfonts/cm/cmr6.pfb></usr/local/texlive/2016/
texmf-dist/fonts/type1/public/amsfonts/cm/cmr8.pfb></usr/local/texlive/2016/tex
mf-dist/fonts/type1/public/amsfonts/cm/cmsy10.pfb></usr/local/texlive/2016/texm
f-dist/fonts/type1/public/amsfonts/cm/cmsy8.pfb></usr/local/texlive/2016/texmf-
dist/fonts/type1/public/amsfonts/symbols/msam10.pfb></usr/local/texlive/2016/te
xmf-dist/fonts/type1/public/amsfonts/symbols/msbm10.pfb></usr/local/texlive/201
6/texmf-dist/fonts/type1/urw/helvetic/uhvr8a.pfb></usr/local/texlive/2016/texmf
-dist/fonts/type1/urw/times/utmb8a.pfb></usr/local/texlive/2016/texmf-dist/font
s/type1/urw/times/utmr8a.pfb></usr/local/texlive/2016/texmf-dist/fonts/type1/ur
w/times/utmri8a.pfb>
Output written on BSS_Report.pdf (41 pages, 2278001 bytes).
PDF statistics:
 1026 PDF objects out of 1200 (max. 8388607)
 872 compressed objects within 9 object streams
 254 named destinations out of 1000 (max. 500000)
 35179 words of extra memory for PDF output out of 35830 (max. 10000000)

